\BOOKMARK [1][-]{section.1}{\376\377\000M\000e\000t\000h\000o\000d\000s}{}% 1
\BOOKMARK [2][-]{subsection.1.1}{\376\377\000R\000e\000i\000n\000f\000o\000r\000c\000e\000m\000e\000n\000t\000\040\000L\000e\000a\000r\000n\000i\000n\000g}{section.1}% 2
\BOOKMARK [2][-]{subsection.1.2}{\376\377\000G\000a\000m\000e}{section.1}% 3
\BOOKMARK [3][-]{subsubsection.1.2.1}{\376\377\000G\000a\000m\000e\000\040\000B\000o\000a\000r\000d}{subsection.1.2}% 4
\BOOKMARK [3][-]{subsubsection.1.2.2}{\376\377\000A\000c\000t\000i\000o\000n\000s}{subsection.1.2}% 5
\BOOKMARK [2][-]{subsection.1.3}{\376\377\000M\000C\000T\000S\000\040\000c\000h\000a\000s\000l\000o\000t\0002\0000\0000\0008\000p\000a\000r\000a\000l\000l\000e\000l\000s\000i\000l\000v\000e\000r\0002\0000\0001\0008\000g\000e\000n\000e\000r\000a\000l}{section.1}% 6
\BOOKMARK [3][-]{subsubsection.1.3.1}{\376\377\000E\000v\000a\000l\000u\000a\000t\000i\000o\000n\000\040\000B\000a\000s\000i\000s}{subsection.1.3}% 7
\BOOKMARK [3][-]{subsubsection.1.3.2}{\376\377\000L\000e\000a\000f\000\040\000S\000e\000l\000e\000c\000t\000i\000o\000n}{subsection.1.3}% 8
\BOOKMARK [3][-]{subsubsection.1.3.3}{\376\377\000N\000o\000d\000e\000\040\000E\000v\000a\000l\000u\000a\000t\000i\000o\000n\000\040\000a\000n\000d\000\040\000E\000x\000p\000a\000n\000s\000i\000o\000n}{subsection.1.3}% 9
\BOOKMARK [3][-]{subsubsection.1.3.4}{\376\377\000B\000a\000c\000k\000f\000i\000l\000l}{subsection.1.3}% 10
\BOOKMARK [2][-]{subsection.1.4}{\376\377\000N\000e\000u\000r\000a\000l\000\040\000N\000e\000t\000w\000o\000r\000k}{section.1}% 11
\BOOKMARK [3][-]{subsubsection.1.4.1}{\376\377\000I\000n\000t\000r\000o\000d\000u\000c\000t\000i\000o\000n\000\040\000t\000o\000\040\000N\000e\000u\000r\000a\000l\000\040\000N\000e\000t\000w\000o\000r\000k\000s}{subsection.1.4}% 12
\BOOKMARK [4][-]{paragraph.1.4.1.1}{\376\377\000F\000u\000l\000l\000y\000\040\000C\000o\000n\000n\000e\000c\000t\000e\000d\000\040\000L\000a\000y\000e\000r}{subsubsection.1.4.1}% 13
\BOOKMARK [4][-]{paragraph.1.4.1.2}{\376\377\000C\000o\000n\000v\000o\000l\000u\000t\000i\000o\000n\000a\000l\000\040\000L\000a\000y\000e\000r}{subsubsection.1.4.1}% 14
\BOOKMARK [4][-]{paragraph.1.4.1.3}{\376\377\000A\000c\000t\000i\000v\000a\000t\000i\000o\000n\000\040\000F\000u\000n\000c\000t\000i\000o\000n}{subsubsection.1.4.1}% 15
\BOOKMARK [4][-]{paragraph.1.4.1.4}{\376\377\000T\000r\000a\000i\000n\000i\000n\000g\000\040\000i\000n\000t\000r\000o\000d\000u\000c\000t\000i\000o\000n}{subsubsection.1.4.1}% 16
\BOOKMARK [3][-]{subsubsection.1.4.2}{\376\377\000N\000e\000t\000w\000o\000r\000k\000\040\000u\000s\000e\000d\000\040\000b\000y\000\040\000A\000l\000p\000h\000a\000\040\000Z\000e\000r\000o}{subsection.1.4}% 17
\BOOKMARK [4][-]{paragraph.1.4.2.1}{\376\377\000N\000e\000u\000r\000a\000l\000\040\000N\000e\000t\000w\000o\000r\000k\000\040\000i\000n\000p\000u\000t}{subsubsection.1.4.2}% 18
\BOOKMARK [4][-]{paragraph.1.4.2.2}{\376\377\000N\000e\000u\000r\000a\000l\000\040\000N\000e\000t\000w\000o\000r\000k\000\040\000A\000r\000c\000h\000i\000t\000e\000c\000t\000u\000r\000e}{subsubsection.1.4.2}% 19
\BOOKMARK [4][-]{paragraph.1.4.2.3}{\376\377\000M\000o\000d\000e\000l\000\040\000T\000r\000a\000i\000n\000i\000n\000g}{subsubsection.1.4.2}% 20
\BOOKMARK [2][-]{subsection.1.5}{\376\377\000T\000r\000a\000i\000n\000i\000n\000g\000\040\000l\000o\000o\000p}{section.1}% 21
\BOOKMARK [3][-]{subsubsection.1.5.1}{\376\377\000D\000a\000t\000a\000\040\000g\000e\000n\000e\000r\000a\000t\000i\000o\000n}{subsection.1.5}% 22
\BOOKMARK [4][-]{paragraph.1.5.1.1}{\376\377\000A\000c\000t\000i\000o\000n\000\040\000s\000e\000l\000e\000c\000t\000i\000o\000n}{subsubsection.1.5.1}% 23
\BOOKMARK [4][-]{paragraph.1.5.1.2}{\376\377\000M\000e\000m\000o\000r\000y}{subsubsection.1.5.1}% 24
\BOOKMARK [4][-]{paragraph.1.5.1.3}{\376\377\000M\000e\000m\000o\000r\000y\000\040\000u\000p\000d\000a\000t\000e}{subsubsection.1.5.1}% 25
\BOOKMARK [3][-]{subsubsection.1.5.2}{\376\377\000M\000o\000d\000e\000l\000\040\000T\000r\000a\000i\000n\000i\000n\000g}{subsection.1.5}% 26
\BOOKMARK [3][-]{subsubsection.1.5.3}{\376\377\000M\000o\000d\000e\000l\000\040\000e\000v\000a\000l\000u\000a\000t\000i\000o\000n}{subsection.1.5}% 27
\BOOKMARK [1][-]{section.2}{\376\377\000E\000v\000a\000l\000u\000a\000t\000i\000o\000n}{}% 28
\BOOKMARK [2][-]{subsection.2.1}{\376\377\000E\000l\000o\000-\000r\000a\000t\000i\000n\000g}{section.2}% 29
\BOOKMARK [3][-]{subsubsection.2.1.1}{\376\377\000R\000e\000l\000a\000t\000i\000v\000i\000t\000y\000\040\000o\000f\000\040\000t\000h\000e\000\040\000E\000l\000o\000-\000r\000a\000t\000i\000n\000g}{subsection.2.1}% 30
\BOOKMARK [2][-]{subsection.2.2}{\376\377\000E\000l\000o\000\040\000r\000e\000s\000u\000l\000t\000s}{section.2}% 31
\BOOKMARK [1][-]{section.3}{\376\377\000P\000r\000o\000b\000l\000e\000m\000\040\000C\000o\000m\000p\000l\000e\000x\000i\000t\000y}{}% 32
\BOOKMARK [2][-]{subsection.3.1}{\376\377\000T\000r\000i\000v\000i\000a\000l\000\040\000A\000n\000s\000w\000e\000r\000s}{section.3}% 33
\BOOKMARK [2][-]{subsection.3.2}{\376\377\000C\000o\000m\000b\000i\000n\000a\000t\000o\000r\000i\000c\000s}{section.3}% 34
\BOOKMARK [2][-]{subsection.3.3}{\376\377\000S\000B\000F\000S\000\040\000b\000a\000s\000e\000d\000\040\000s\000t\000a\000t\000e\000\040\000s\000e\000a\000r\000c\000h}{section.3}% 35
\BOOKMARK [1][-]{section.4}{\376\377\000I\000m\000p\000l\000e\000m\000e\000n\000t\000a\000t\000i\000o\000n}{}% 36
\BOOKMARK [1][-]{section.5}{\376\377\000C\000o\000n\000c\000l\000u\000s\000i\000o\000n}{}% 37
\BOOKMARK [2][-]{subsection.5.1}{\376\377\000I\000m\000p\000r\000o\000v\000e\000m\000e\000n\000t\000s}{section.5}% 38
\BOOKMARK [1][-]{section.6}{\376\377\000A\000p\000e\000n\000d\000i\000x\000\040\0003\000:\000\040\000F\000u\000r\000t\000h\000e\000r\000\040\000d\000e\000f\000i\000n\000i\000t\000i\000o\000n\000s}{}% 39
\BOOKMARK [2][-]{subsection.6.1}{\376\377\000H\000a\000d\000a\000m\000a\000r\000d\000\040\000p\000r\000o\000d\000u\000c\000t}{section.6}% 40
\BOOKMARK [2][-]{subsection.6.2}{\376\377\000I\000n\000n\000e\000r\000\040\000P\000r\000o\000d\000u\000c\000t}{section.6}% 41
\BOOKMARK [3][-]{subsubsection.6.2.1}{\376\377\000M\000a\000t\000r\000i\000c\000e\000s}{subsection.6.2}% 42
\BOOKMARK [3][-]{subsubsection.6.2.2}{\376\377\000n\000-\000d\000i\000m\000e\000n\000s\000i\000o\000n\000a\000l\000\040\000T\000e\000n\000s\000o\000r\000s}{subsection.6.2}% 43
\BOOKMARK [2][-]{subsection.6.3}{\376\377\000S\000u\000b\000m\000a\000t\000r\000i\000x}{section.6}% 44
\BOOKMARK [2][-]{subsection.6.4}{\376\377\000S\000e\000t\000s}{section.6}% 45
\BOOKMARK [2][-]{subsection.6.5}{\376\377\000S\000o\000f\000t\000m\000a\000x\000\040\000D\000e\000r\000i\000v\000a\000t\000i\000v\000e}{section.6}% 46
\BOOKMARK [2][-]{subsection.6.6}{\376\377\000E\000l\000o\000\040\000R\000a\000t\000i\000n\000g}{section.6}% 47
